2022-06-29 15:04:25,312  INFO [main] TestUtility:35 - Application Launched Successfully
2022-06-29 15:04:30,498  INFO [main] ContactsPage:49 - Verified Contacts Page Label
2022-06-29 15:04:30,728  INFO [main] ContactsPage:117 - Browser Terminated
2022-06-29 15:04:30,728  INFO [main] ContactsPage:118 - -----------------------------------------------
2022-06-29 15:04:34,892  INFO [main] TestUtility:35 - Application Launched Successfully
2022-06-29 15:04:56,065  INFO [main] ContactsPage:117 - Browser Terminated
2022-06-29 15:04:56,065  INFO [main] ContactsPage:118 - -----------------------------------------------
2022-06-29 15:04:59,627  INFO [main] TestUtility:35 - Application Launched Successfully
2022-06-29 15:05:18,829  INFO [main] ContactsPage:117 - Browser Terminated
2022-06-29 15:05:18,829  INFO [main] ContactsPage:118 - -----------------------------------------------
2022-06-29 15:05:23,289  INFO [main] TestUtility:35 - Application Launched Successfully
2022-06-29 15:05:29,588  INFO [main] HomePage:84 - New Contacts Created Successfully
2022-06-29 15:05:29,828  INFO [main] HomePage:117 - Browser Terminated
2022-06-29 15:05:29,828  INFO [main] HomePage:118 - -----------------------------------------------
2022-06-29 15:05:32,670  INFO [main] TestUtility:35 - Application Launched Successfully
2022-06-29 15:05:40,331  INFO [main] HomePage:84 - New Contacts Created Successfully
2022-06-29 15:05:40,604  INFO [main] HomePage:117 - Browser Terminated
2022-06-29 15:05:40,604  INFO [main] HomePage:118 - -----------------------------------------------
2022-06-29 15:05:43,328  INFO [main] TestUtility:35 - Application Launched Successfully
2022-06-29 15:05:48,737  INFO [main] HomePage:84 - New Contacts Created Successfully
2022-06-29 15:05:48,965  INFO [main] HomePage:117 - Browser Terminated
2022-06-29 15:05:48,965  INFO [main] HomePage:118 - -----------------------------------------------
