2022-10-06 06:13:07,050  INFO [main] WebEventListener:37 - Application Launched Successfully
2022-10-06 06:13:07,139  INFO [main] LoginPage:48 - Login Page Title Verified
2022-10-06 06:13:08,032  INFO [main] LoginPage:121 - Browser Terminated
2022-10-06 06:13:08,033  INFO [main] LoginPage:122 - -----------------------------------------------
2022-10-06 06:13:11,752  INFO [main] WebEventListener:35 - Application Launched Successfully
2022-10-06 06:13:17,907  INFO [main] HomePage:49 - Home Page Title Verified
2022-10-06 06:13:18,219  INFO [main] HomePage:121 - Browser Terminated
2022-10-06 06:13:18,220  INFO [main] HomePage:122 - -----------------------------------------------
2022-10-06 06:13:22,225  INFO [main] WebEventListener:35 - Application Launched Successfully
2022-10-06 06:13:26,374  INFO [main] HomePage:57 - UserName Verified
2022-10-06 06:13:26,654  INFO [main] HomePage:121 - Browser Terminated
2022-10-06 06:13:26,655  INFO [main] HomePage:122 - -----------------------------------------------
2022-10-06 06:13:29,860  INFO [main] WebEventListener:35 - Application Launched Successfully
2022-10-06 06:13:34,609  INFO [main] ContactsPage:65 - Switched into Frame and Clicked on Contacts Link
2022-10-06 06:13:35,069  INFO [main] ContactsPage:121 - Browser Terminated
2022-10-06 06:13:35,070  INFO [main] ContactsPage:122 - -----------------------------------------------
2022-10-06 06:13:38,258  INFO [main] WebEventListener:35 - Application Launched Successfully
2022-10-06 06:13:42,573  INFO [main] DealsPage:73 - Switched into Frame and Clicked on Deals Link
2022-10-06 06:13:43,001  INFO [main] DealsPage:121 - Browser Terminated
2022-10-06 06:13:43,002  INFO [main] DealsPage:122 - -----------------------------------------------
2022-10-06 06:13:43,082 DEBUG [main] cache:44 - Couldn't find template in cache for "spark/spark.spa.ftl"("en_US", UTF-8, parsed); will try to load it.
2022-10-06 06:13:43,084 DEBUG [main] cache:44 - TemplateLoader.findTemplateSource("spark/spark.spa_en_US.ftl"): Not found
2022-10-06 06:13:43,087 DEBUG [main] cache:44 - TemplateLoader.findTemplateSource("spark/spark.spa_en.ftl"): Not found
2022-10-06 06:13:43,089 DEBUG [main] cache:44 - TemplateLoader.findTemplateSource("spark/spark.spa.ftl"): Found
2022-10-06 06:13:43,091 DEBUG [main] cache:44 - Loading template for "spark/spark.spa.ftl"("en_US", UTF-8, parsed) from "jar:file:/C:/Users/User/.m2/repository/com/aventstack/extentreports/4.1.7/extentreports-4.1.7.jar!/com/aventstack/extentreports/view/spark/spark.spa.ftl"
2022-10-06 06:13:43,377 DEBUG [main] cache:44 - Couldn't find template in cache for "commons/commons-variables.ftl"("en_US", UTF-8, parsed); will try to load it.
2022-10-06 06:13:43,381 DEBUG [main] cache:44 - TemplateLoader.findTemplateSource("commons/commons-variables_en_US.ftl"): Not found
2022-10-06 06:13:43,383 DEBUG [main] cache:44 - TemplateLoader.findTemplateSource("commons/commons-variables_en.ftl"): Not found
2022-10-06 06:13:43,385 DEBUG [main] cache:44 - TemplateLoader.findTemplateSource("commons/commons-variables.ftl"): Found
2022-10-06 06:13:43,385 DEBUG [main] cache:44 - Loading template for "commons/commons-variables.ftl"("en_US", UTF-8, parsed) from "jar:file:/C:/Users/User/.m2/repository/com/aventstack/extentreports/4.1.7/extentreports-4.1.7.jar!/com/aventstack/extentreports/view/commons/commons-variables.ftl"
2022-10-06 06:13:43,477 DEBUG [main] cache:44 - Couldn't find template in cache for "commons/commons-macros.ftl"("en_US", UTF-8, parsed); will try to load it.
2022-10-06 06:13:43,478 DEBUG [main] cache:44 - TemplateLoader.findTemplateSource("commons/commons-macros_en_US.ftl"): Not found
2022-10-06 06:13:43,479 DEBUG [main] cache:44 - TemplateLoader.findTemplateSource("commons/commons-macros_en.ftl"): Not found
2022-10-06 06:13:43,480 DEBUG [main] cache:44 - TemplateLoader.findTemplateSource("commons/commons-macros.ftl"): Found
2022-10-06 06:13:43,482 DEBUG [main] cache:44 - Loading template for "commons/commons-macros.ftl"("en_US", UTF-8, parsed) from "jar:file:/C:/Users/User/.m2/repository/com/aventstack/extentreports/4.1.7/extentreports-4.1.7.jar!/com/aventstack/extentreports/view/commons/commons-macros.ftl"
2022-10-06 06:13:43,498 DEBUG [main] cache:44 - Couldn't find template in cache for "spark/macros/attributes.ftl"("en_US", UTF-8, parsed); will try to load it.
2022-10-06 06:13:43,498 DEBUG [main] cache:44 - TemplateLoader.findTemplateSource("spark/macros/attributes_en_US.ftl"): Not found
2022-10-06 06:13:43,499 DEBUG [main] cache:44 - TemplateLoader.findTemplateSource("spark/macros/attributes_en.ftl"): Not found
2022-10-06 06:13:43,500 DEBUG [main] cache:44 - TemplateLoader.findTemplateSource("spark/macros/attributes.ftl"): Found
2022-10-06 06:13:43,501 DEBUG [main] cache:44 - Loading template for "spark/macros/attributes.ftl"("en_US", UTF-8, parsed) from "jar:file:/C:/Users/User/.m2/repository/com/aventstack/extentreports/4.1.7/extentreports-4.1.7.jar!/com/aventstack/extentreports/view/spark/macros/attributes.ftl"
2022-10-06 06:13:43,505 DEBUG [main] cache:44 - Couldn't find template in cache for "spark/macros/log.ftl"("en_US", UTF-8, parsed); will try to load it.
2022-10-06 06:13:43,506 DEBUG [main] cache:44 - TemplateLoader.findTemplateSource("spark/macros/log_en_US.ftl"): Not found
2022-10-06 06:13:43,507 DEBUG [main] cache:44 - TemplateLoader.findTemplateSource("spark/macros/log_en.ftl"): Not found
2022-10-06 06:13:43,508 DEBUG [main] cache:44 - TemplateLoader.findTemplateSource("spark/macros/log.ftl"): Found
2022-10-06 06:13:43,509 DEBUG [main] cache:44 - Loading template for "spark/macros/log.ftl"("en_US", UTF-8, parsed) from "jar:file:/C:/Users/User/.m2/repository/com/aventstack/extentreports/4.1.7/extentreports-4.1.7.jar!/com/aventstack/extentreports/view/spark/macros/log.ftl"
2022-10-06 06:13:43,512 DEBUG [main] cache:44 - Couldn't find template in cache for "spark/macros/recurse_nodes.ftl"("en_US", UTF-8, parsed); will try to load it.
2022-10-06 06:13:43,513 DEBUG [main] cache:44 - TemplateLoader.findTemplateSource("spark/macros/recurse_nodes_en_US.ftl"): Not found
2022-10-06 06:13:43,513 DEBUG [main] cache:44 - TemplateLoader.findTemplateSource("spark/macros/recurse_nodes_en.ftl"): Not found
2022-10-06 06:13:43,516 DEBUG [main] cache:44 - TemplateLoader.findTemplateSource("spark/macros/recurse_nodes.ftl"): Found
2022-10-06 06:13:43,517 DEBUG [main] cache:44 - Loading template for "spark/macros/recurse_nodes.ftl"("en_US", UTF-8, parsed) from "jar:file:/C:/Users/User/.m2/repository/com/aventstack/extentreports/4.1.7/extentreports-4.1.7.jar!/com/aventstack/extentreports/view/spark/macros/recurse_nodes.ftl"
2022-10-06 06:13:43,521 DEBUG [main] cache:44 - "spark/macros/log.ftl"("en_US", UTF-8, parsed) cached copy not yet stale; using cached.
2022-10-06 06:13:43,546 DEBUG [main] cache:44 - Couldn't find template in cache for "spark/partials/head.ftl"("en_US", UTF-8, parsed); will try to load it.
2022-10-06 06:13:43,548 DEBUG [main] cache:44 - TemplateLoader.findTemplateSource("spark/partials/head_en_US.ftl"): Not found
2022-10-06 06:13:43,550 DEBUG [main] cache:44 - TemplateLoader.findTemplateSource("spark/partials/head_en.ftl"): Not found
2022-10-06 06:13:43,551 DEBUG [main] cache:44 - TemplateLoader.findTemplateSource("spark/partials/head.ftl"): Found
2022-10-06 06:13:43,552 DEBUG [main] cache:44 - Loading template for "spark/partials/head.ftl"("en_US", UTF-8, parsed) from "jar:file:/C:/Users/User/.m2/repository/com/aventstack/extentreports/4.1.7/extentreports-4.1.7.jar!/com/aventstack/extentreports/view/spark/partials/head.ftl"
2022-10-06 06:13:43,553 DEBUG [main] cache:44 - Couldn't find template in cache for "commons/commons-inject-css.ftl"("en_US", UTF-8, parsed); will try to load it.
2022-10-06 06:13:43,557 DEBUG [main] cache:44 - TemplateLoader.findTemplateSource("commons/commons-inject-css_en_US.ftl"): Not found
2022-10-06 06:13:43,558 DEBUG [main] cache:44 - TemplateLoader.findTemplateSource("commons/commons-inject-css_en.ftl"): Not found
2022-10-06 06:13:43,559 DEBUG [main] cache:44 - TemplateLoader.findTemplateSource("commons/commons-inject-css.ftl"): Found
2022-10-06 06:13:43,561 DEBUG [main] cache:44 - Loading template for "commons/commons-inject-css.ftl"("en_US", UTF-8, parsed) from "jar:file:/C:/Users/User/.m2/repository/com/aventstack/extentreports/4.1.7/extentreports-4.1.7.jar!/com/aventstack/extentreports/view/commons/commons-inject-css.ftl"
2022-10-06 06:13:43,562 DEBUG [main] cache:44 - Couldn't find template in cache for "spark/partials/navbar.ftl"("en_US", UTF-8, parsed); will try to load it.
2022-10-06 06:13:43,562 DEBUG [main] cache:44 - TemplateLoader.findTemplateSource("spark/partials/navbar_en_US.ftl"): Not found
2022-10-06 06:13:43,564 DEBUG [main] cache:44 - TemplateLoader.findTemplateSource("spark/partials/navbar_en.ftl"): Not found
2022-10-06 06:13:43,564 DEBUG [main] cache:44 - TemplateLoader.findTemplateSource("spark/partials/navbar.ftl"): Found
2022-10-06 06:13:43,566 DEBUG [main] cache:44 - Loading template for "spark/partials/navbar.ftl"("en_US", UTF-8, parsed) from "jar:file:/C:/Users/User/.m2/repository/com/aventstack/extentreports/4.1.7/extentreports-4.1.7.jar!/com/aventstack/extentreports/view/spark/partials/navbar.ftl"
2022-10-06 06:13:43,580 DEBUG [main] cache:44 - Couldn't find template in cache for "spark/partials/sidenav.ftl"("en_US", UTF-8, parsed); will try to load it.
2022-10-06 06:13:43,580 DEBUG [main] cache:44 - TemplateLoader.findTemplateSource("spark/partials/sidenav_en_US.ftl"): Not found
2022-10-06 06:13:43,583 DEBUG [main] cache:44 - TemplateLoader.findTemplateSource("spark/partials/sidenav_en.ftl"): Not found
2022-10-06 06:13:43,584 DEBUG [main] cache:44 - TemplateLoader.findTemplateSource("spark/partials/sidenav.ftl"): Found
2022-10-06 06:13:43,584 DEBUG [main] cache:44 - Loading template for "spark/partials/sidenav.ftl"("en_US", UTF-8, parsed) from "jar:file:/C:/Users/User/.m2/repository/com/aventstack/extentreports/4.1.7/extentreports-4.1.7.jar!/com/aventstack/extentreports/view/spark/partials/sidenav.ftl"
2022-10-06 06:13:43,584 DEBUG [main] cache:44 - Couldn't find template in cache for "spark/partials/test.ftl"("en_US", UTF-8, parsed); will try to load it.
2022-10-06 06:13:43,584 DEBUG [main] cache:44 - TemplateLoader.findTemplateSource("spark/partials/test_en_US.ftl"): Not found
2022-10-06 06:13:43,592 DEBUG [main] cache:44 - TemplateLoader.findTemplateSource("spark/partials/test_en.ftl"): Not found
2022-10-06 06:13:43,593 DEBUG [main] cache:44 - TemplateLoader.findTemplateSource("spark/partials/test.ftl"): Found
2022-10-06 06:13:43,593 DEBUG [main] cache:44 - Loading template for "spark/partials/test.ftl"("en_US", UTF-8, parsed) from "jar:file:/C:/Users/User/.m2/repository/com/aventstack/extentreports/4.1.7/extentreports-4.1.7.jar!/com/aventstack/extentreports/view/spark/partials/test.ftl"
2022-10-06 06:13:43,641 DEBUG [main] cache:44 - Couldn't find template in cache for "spark/partials/standard-content.ftl"("en_US", UTF-8, parsed); will try to load it.
2022-10-06 06:13:43,643 DEBUG [main] cache:44 - TemplateLoader.findTemplateSource("spark/partials/standard-content_en_US.ftl"): Not found
2022-10-06 06:13:43,644 DEBUG [main] cache:44 - TemplateLoader.findTemplateSource("spark/partials/standard-content_en.ftl"): Not found
2022-10-06 06:13:43,644 DEBUG [main] cache:44 - TemplateLoader.findTemplateSource("spark/partials/standard-content.ftl"): Found
2022-10-06 06:13:43,646 DEBUG [main] cache:44 - Loading template for "spark/partials/standard-content.ftl"("en_US", UTF-8, parsed) from "jar:file:/C:/Users/User/.m2/repository/com/aventstack/extentreports/4.1.7/extentreports-4.1.7.jar!/com/aventstack/extentreports/view/spark/partials/standard-content.ftl"
2022-10-06 06:13:43,655 DEBUG [main] cache:44 - "spark/partials/standard-content.ftl"("en_US", UTF-8, parsed) cached copy not yet stale; using cached.
2022-10-06 06:13:43,659 DEBUG [main] cache:44 - "spark/partials/standard-content.ftl"("en_US", UTF-8, parsed) cached copy not yet stale; using cached.
2022-10-06 06:13:43,662 DEBUG [main] cache:44 - "spark/partials/standard-content.ftl"("en_US", UTF-8, parsed) cached copy not yet stale; using cached.
2022-10-06 06:13:43,664 DEBUG [main] cache:44 - "spark/partials/standard-content.ftl"("en_US", UTF-8, parsed) cached copy not yet stale; using cached.
2022-10-06 06:13:43,664 DEBUG [main] cache:44 - Couldn't find template in cache for "spark/partials/dashboard.ftl"("en_US", UTF-8, parsed); will try to load it.
2022-10-06 06:13:43,664 DEBUG [main] cache:44 - TemplateLoader.findTemplateSource("spark/partials/dashboard_en_US.ftl"): Not found
2022-10-06 06:13:43,667 DEBUG [main] cache:44 - TemplateLoader.findTemplateSource("spark/partials/dashboard_en.ftl"): Not found
2022-10-06 06:13:43,668 DEBUG [main] cache:44 - TemplateLoader.findTemplateSource("spark/partials/dashboard.ftl"): Found
2022-10-06 06:13:43,668 DEBUG [main] cache:44 - Loading template for "spark/partials/dashboard.ftl"("en_US", UTF-8, parsed) from "jar:file:/C:/Users/User/.m2/repository/com/aventstack/extentreports/4.1.7/extentreports-4.1.7.jar!/com/aventstack/extentreports/view/spark/partials/dashboard.ftl"
2022-10-06 06:13:43,823 DEBUG [main] cache:44 - Couldn't find template in cache for "spark/partials/scripts.ftl"("en_US", UTF-8, parsed); will try to load it.
2022-10-06 06:13:43,823 DEBUG [main] cache:44 - TemplateLoader.findTemplateSource("spark/partials/scripts_en_US.ftl"): Not found
2022-10-06 06:13:43,823 DEBUG [main] cache:44 - TemplateLoader.findTemplateSource("spark/partials/scripts_en.ftl"): Not found
2022-10-06 06:13:43,823 DEBUG [main] cache:44 - TemplateLoader.findTemplateSource("spark/partials/scripts.ftl"): Found
2022-10-06 06:13:43,823 DEBUG [main] cache:44 - Loading template for "spark/partials/scripts.ftl"("en_US", UTF-8, parsed) from "jar:file:/C:/Users/User/.m2/repository/com/aventstack/extentreports/4.1.7/extentreports-4.1.7.jar!/com/aventstack/extentreports/view/spark/partials/scripts.ftl"
2022-10-06 06:13:43,823 DEBUG [main] cache:44 - Couldn't find template in cache for "commons/commons-inject-js.ftl"("en_US", UTF-8, parsed); will try to load it.
2022-10-06 06:13:43,833 DEBUG [main] cache:44 - TemplateLoader.findTemplateSource("commons/commons-inject-js_en_US.ftl"): Not found
2022-10-06 06:13:43,833 DEBUG [main] cache:44 - TemplateLoader.findTemplateSource("commons/commons-inject-js_en.ftl"): Not found
2022-10-06 06:13:43,833 DEBUG [main] cache:44 - TemplateLoader.findTemplateSource("commons/commons-inject-js.ftl"): Found
2022-10-06 06:13:43,833 DEBUG [main] cache:44 - Loading template for "commons/commons-inject-js.ftl"("en_US", UTF-8, parsed) from "jar:file:/C:/Users/User/.m2/repository/com/aventstack/extentreports/4.1.7/extentreports-4.1.7.jar!/com/aventstack/extentreports/view/commons/commons-inject-js.ftl"
